<?xml version="1.0" encoding="UTF-8"?>
<!-- Generated by org.testng.reporters.JUnitReportReporter -->
<testsuite hostname="Purushothams-MacBook-Air.local" failures="0" tests="1" name="runner.FeatureFileRunner" time="5.509" errors="0" timestamp="2020-11-17T06:09:13 GMT" skipped="0">
  <testcase classname="runner.FeatureFileRunner" name="scenario" time="5.509"/>
  <system-out/>
</testsuite> <!-- runner.FeatureFileRunner -->
